<?xml version="1.0" encoding="UTF-8"?>
<testsuite xmlns:xsi="http://www.w3.org/2001/XMLSchema-instance" xsi:noNamespaceSchemaLocation="https://maven.apache.org/surefire/maven-surefire-plugin/xsd/surefire-test-report-3.0.xsd" version="3.0" name="com.vcdeveloper.excelmapper.test.ExcelMapperTest" time="1.392" tests="2" errors="0" skipped="0" failures="0">
  <properties>
[...]
</properties>
  <testcase name="testExcelWrite" classname="com.vcdeveloper.excelmapper.test.ExcelMapperTest" time="1.268">
    <system-out><![CDATA[Employee{id=1, name='Alice', department='HR', isOnprobation=false}
Employee{id=2, name='Bob', department='Engineering', isOnprobation=false}
]]></system-out>
  </testcase>
  <testcase name="testExcelRead" classname="com.vcdeveloper.excelmapper.test.ExcelMapperTest" time="0.062"/>
</testsuite>