<?xml version="1.0" encoding="UTF-8"?>
<testsuite xmlns:xsi="http://www.w3.org/2001/XMLSchema-instance" xsi:noNamespaceSchemaLocation="https://maven.apache.org/surefire/maven-surefire-plugin/xsd/surefire-test-report-3.0.xsd" version="3.0" name="com.vcdeveloper.excelmapper.test.ExcelMapperTest" time="1.524" tests="2" errors="0" skipped="0" failures="0">
  <properties>
[...]
</properties>
  <testcase name="testExcelWrite" classname="com.vcdeveloper.excelmapper.test.ExcelMapperTest" time="1.363">
    <system-err><![CDATA[ERROR StatusLogger Log4j2 could not find a logging implementation. Please add log4j-core to the classpath. Using SimpleLogger to log to the console...
]]></system-err>
  </testcase>
  <testcase name="testExcelRead" classname="com.vcdeveloper.excelmapper.test.ExcelMapperTest" time="0.133">
    <system-out><![CDATA[Employee{id=1, name='Alice', department='HR', isOnprobation=false}
Employee{id=2, name='Bob', department='Engineering', isOnprobation=false}
]]></system-out>
  </testcase>
</testsuite>